info: Microsoft.EntityFrameworkCore.Infrastructure[10403]
      Entity Framework Core 6.0.12 initialized 'AppIdentityContext' using provider 'Npgsql.EntityFrameworkCore.PostgreSQL:6.0.8+e68dfe8b5cbe4a26d20acc36def6187aa1cfdda3' with options: None
info: Microsoft.EntityFrameworkCore.Database.Command[20101]
      Executed DbCommand (154ms) [Parameters=[], CommandType='Text', CommandTimeout='30']
      SELECT EXISTS (SELECT 1 FROM pg_catalog.pg_class c JOIN pg_catalog.pg_namespace n ON n.oid=c.relnamespace WHERE c.relname='__EFMigrationsHistory');
info: Microsoft.EntityFrameworkCore.Database.Command[20101]
      Executed DbCommand (56ms) [Parameters=[], CommandType='Text', CommandTimeout='30']
      SELECT EXISTS (SELECT 1 FROM pg_catalog.pg_class c JOIN pg_catalog.pg_namespace n ON n.oid=c.relnamespace WHERE c.relname='__EFMigrationsHistory');
info: Microsoft.EntityFrameworkCore.Database.Command[20101]
      Executed DbCommand (59ms) [Parameters=[], CommandType='Text', CommandTimeout='30']
      SELECT "MigrationId", "ProductVersion"
      FROM "__EFMigrationsHistory"
      ORDER BY "MigrationId";
info: Microsoft.EntityFrameworkCore.Migrations[20405]
      No migrations were applied. The database is already up to date.
info: Microsoft.AspNetCore.DataProtection.KeyManagement.XmlKeyManager[61]
      User profile not available. Using 'HKEY_LOCAL_MACHINE\SOFTWARE\Microsoft\ASP.NET\4.0.30319.0\AutoGenKeys\S-1-5-82-406829449-3651165035-4035326801-1993807947-567027904\DataProtection' as key repository and Windows DPAPI to encrypt keys at rest.
info: Microsoft.Hosting.Lifetime[0]
      Application started. Press Ctrl+C to shut down.
info: Microsoft.Hosting.Lifetime[0]
      Hosting environment: Production
info: Microsoft.Hosting.Lifetime[0]
      Content root path: E:\web\test.borgdesign.ro\
info: Microsoft.AspNetCore.Hosting.Diagnostics[1]
      Request starting HTTP/2 GET https://test.borgdesign.ro/api/anunt - -
info: Microsoft.AspNetCore.Hosting.Diagnostics[1]
      Request starting HTTP/2 GET https://test.borgdesign.ro/ - -
info: Microsoft.AspNetCore.Hosting.Diagnostics[1]
      Request starting HTTP/2 POST https://test.borgdesign.ro/api/anunt application/json 15
info: Microsoft.AspNetCore.Cors.Infrastructure.CorsService[4]
      CORS policy execution successful.
info: Microsoft.AspNetCore.Routing.EndpointMiddleware[0]
      Executing endpoint 'API.Controllers.FallbackController.Index (API)'
info: Microsoft.AspNetCore.Mvc.Infrastructure.ControllerActionInvoker[3]
      Route matched with {action = "Index", controller = "Fallback"}. Executing controller action with signature Microsoft.AspNetCore.Mvc.IActionResult Index() on controller API.Controllers.FallbackController (API).
info: Microsoft.AspNetCore.Mvc.Infrastructure.PhysicalFileResultExecutor[1]
      Executing PhysicalFileResult, sending file 'E:\web\test.borgdesign.ro\wwwroot\index.html' with download name '' ...
info: Microsoft.AspNetCore.Mvc.Infrastructure.ControllerActionInvoker[2]
      Executed action API.Controllers.FallbackController.Index (API) in 9.3371ms
info: Microsoft.AspNetCore.Routing.EndpointMiddleware[1]
      Executed endpoint 'API.Controllers.FallbackController.Index (API)'
info: Microsoft.AspNetCore.Hosting.Diagnostics[2]
      Request finished HTTP/2 GET https://test.borgdesign.ro/ - - - 304 - - 99.8992ms
info: Microsoft.AspNetCore.Routing.EndpointMiddleware[0]
      Executing endpoint 'API.Controllers.AnuntController.PostAnunt (API)'
info: Microsoft.AspNetCore.Routing.EndpointMiddleware[0]
      Executing endpoint 'API.Controllers.AnuntController.GetAnunturi (API)'
info: Microsoft.AspNetCore.Mvc.Infrastructure.ControllerActionInvoker[3]
      Route matched with {action = "GetAnunturi", controller = "Anunt"}. Executing controller action with signature System.Threading.Tasks.Task`1[Microsoft.AspNetCore.Mvc.ActionResult`1[System.Collections.Generic.IReadOnlyList`1[API.Dtos.AnuntDTO]]] GetAnunturi() on controller API.Controllers.AnuntController (API).
info: Microsoft.AspNetCore.Hosting.Diagnostics[1]
      Request starting HTTP/2 GET https://test.borgdesign.ro/api/account - -
info: Microsoft.AspNetCore.Routing.EndpointMiddleware[0]
      Executing endpoint 'API.Controllers.AccountController.GetCurrentUser (API)'
info: Microsoft.AspNetCore.Mvc.Infrastructure.ControllerActionInvoker[3]
      Route matched with {action = "GetCurrentUser", controller = "Account"}. Executing controller action with signature System.Threading.Tasks.Task`1[Microsoft.AspNetCore.Mvc.ActionResult`1[API.Dtos.UserDto]] GetCurrentUser() on controller API.Controllers.AccountController (API).
info: Microsoft.AspNetCore.Mvc.Infrastructure.ControllerActionInvoker[3]
      Route matched with {action = "PostAnunt", controller = "Anunt"}. Executing controller action with signature System.Threading.Tasks.Task`1[Microsoft.AspNetCore.Mvc.IActionResult] PostAnunt(API.Dtos.AnuntDTO) on controller API.Controllers.AnuntController (API).
info: Microsoft.EntityFrameworkCore.Infrastructure[10403]
      Entity Framework Core 6.0.12 initialized 'AppIdentityContext' using provider 'Npgsql.EntityFrameworkCore.PostgreSQL:6.0.8+e68dfe8b5cbe4a26d20acc36def6187aa1cfdda3' with options: None
info: Microsoft.EntityFrameworkCore.Infrastructure[10403]
      Entity Framework Core 6.0.12 initialized 'AppIdentityContext' using provider 'Npgsql.EntityFrameworkCore.PostgreSQL:6.0.8+e68dfe8b5cbe4a26d20acc36def6187aa1cfdda3' with options: None
info: Microsoft.AspNetCore.Mvc.Infrastructure.ControllerActionInvoker[2]
      Executed action API.Controllers.AnuntController.PostAnunt (API) in 219.0415ms
info: Microsoft.AspNetCore.Routing.EndpointMiddleware[1]
      Executed endpoint 'API.Controllers.AnuntController.PostAnunt (API)'
fail: API.MiddleWare.ExceptionMiddleware[0]
      The client has disconnected
      Microsoft.AspNetCore.Connections.ConnectionResetException: The client has disconnected
       ---> System.Runtime.InteropServices.COMException (0x80070040): The specified network name is no longer available. (0x80070040)
         --- End of inner exception stack trace ---
         at Microsoft.AspNetCore.Server.IIS.Core.IO.AsyncIOOperation.GetResult(Int16 token)
         at Microsoft.AspNetCore.Server.IIS.Core.IISHttpContext.ReadBody()
         at System.IO.Pipelines.Pipe.GetReadResult(ReadResult& result)
         at System.IO.Pipelines.Pipe.ReadAsync(CancellationToken token)
         at System.IO.Pipelines.Pipe.DefaultPipeReader.ReadAsync(CancellationToken cancellationToken)
         at Microsoft.AspNetCore.Server.IIS.Core.IISHttpContext.ReadAsync(Memory`1 memory, CancellationToken cancellationToken)
         at Microsoft.AspNetCore.Server.IIS.Core.HttpRequestStream.ReadAsyncInternal(Memory`1 buffer, CancellationToken cancellationToken)
         at System.Text.Json.JsonSerializer.ReadFromStreamAsync(Stream utf8Json, ReadBufferState bufferState, CancellationToken cancellationToken)
         at System.Text.Json.JsonSerializer.ReadAllAsync[TValue](Stream utf8Json, JsonTypeInfo jsonTypeInfo, CancellationToken cancellationToken)
         at Microsoft.AspNetCore.Mvc.Formatters.SystemTextJsonInputFormatter.ReadRequestBodyAsync(InputFormatterContext context, Encoding encoding)
         at Microsoft.AspNetCore.Mvc.Formatters.SystemTextJsonInputFormatter.ReadRequestBodyAsync(InputFormatterContext context, Encoding encoding)
         at Microsoft.AspNetCore.Mvc.ModelBinding.Binders.BodyModelBinder.BindModelAsync(ModelBindingContext bindingContext)
         at Microsoft.AspNetCore.Mvc.ModelBinding.ParameterBinder.BindModelAsync(ActionContext actionContext, IModelBinder modelBinder, IValueProvider valueProvider, ParameterDescriptor parameter, ModelMetadata metadata, Object value, Object container)
         at Microsoft.AspNetCore.Mvc.Controllers.ControllerBinderDelegateProvider.<>c__DisplayClass0_0.<<CreateBinderDelegate>g__Bind|0>d.MoveNext()
      --- End of stack trace from previous location ---
         at Microsoft.AspNetCore.Mvc.Infrastructure.ControllerActionInvoker.<InvokeInnerFilterAsync>g__Awaited|13_0(ControllerActionInvoker invoker, Task lastTask, State next, Scope scope, Object state, Boolean isCompleted)
         at Microsoft.AspNetCore.Mvc.Infrastructure.ResourceInvoker.<InvokeFilterPipelineAsync>g__Awaited|20_0(ResourceInvoker invoker, Task lastTask, State next, Scope scope, Object state, Boolean isCompleted)
         at Microsoft.AspNetCore.Mvc.Infrastructure.ResourceInvoker.<InvokeAsync>g__Logged|17_1(ResourceInvoker invoker)
         at Microsoft.AspNetCore.Mvc.Infrastructure.ResourceInvoker.<InvokeAsync>g__Logged|17_1(ResourceInvoker invoker)
         at Microsoft.AspNetCore.Routing.EndpointMiddleware.<Invoke>g__AwaitRequestTask|6_0(Endpoint endpoint, Task requestTask, ILogger logger)
         at Microsoft.AspNetCore.Authorization.Policy.AuthorizationMiddlewareResultHandler.HandleAsync(RequestDelegate next, HttpContext context, AuthorizationPolicy policy, PolicyAuthorizationResult authorizeResult)
         at Microsoft.AspNetCore.Authorization.AuthorizationMiddleware.Invoke(HttpContext context)
         at Microsoft.AspNetCore.Authentication.AuthenticationMiddleware.Invoke(HttpContext context)
         at Microsoft.AspNetCore.Routing.EndpointRoutingMiddleware.<Invoke>g__AwaitMatcher|8_0(EndpointRoutingMiddleware middleware, HttpContext httpContext, Task`1 matcherTask)
         at API.MiddleWare.ExceptionMiddleware.InvokeAsync(HttpContext context) in C:\Users\Vlad\Projects\Application\API\MiddleWare\ExceptionMiddleware.cs:line 27
info: Microsoft.AspNetCore.Hosting.Diagnostics[2]
      Request finished HTTP/2 POST https://test.borgdesign.ro/api/anunt application/json 15 - 500 - application/json 616.2878ms
info: Microsoft.EntityFrameworkCore.Database.Command[20101]
      Executed DbCommand (56ms) [Parameters=[], CommandType='Text', CommandTimeout='30']
      SELECT a."Id", a."AppUserId", a."DataAnunt", a."Text", a0."Id", a0."AccessFailedCount", a0."ConcurrencyStamp", a0."DisplayName", a0."Email", a0."EmailConfirmed", a0."GrupaId", a0."LockoutEnabled", a0."LockoutEnd", a0."NormalizedEmail", a0."NormalizedUserName", a0."PasswordHash", a0."PhoneNumber", a0."PhoneNumberConfirmed", a0."SecurityStamp", a0."TwoFactorEnabled", a0."UserName"
      FROM "Anunturi" AS a
      INNER JOIN "AspNetUsers" AS a0 ON a."AppUserId" = a0."Id"
      ORDER BY a."DataAnunt" DESC
info: Microsoft.AspNetCore.Mvc.Infrastructure.ObjectResultExecutor[1]
      Executing OkObjectResult, writing value of type 'System.Collections.Generic.List`1[[API.Dtos.AnuntDTO, API, Version=1.0.0.0, Culture=neutral, PublicKeyToken=null]]'.
info: Microsoft.AspNetCore.Mvc.Infrastructure.ControllerActionInvoker[2]
      Executed action API.Controllers.AnuntController.GetAnunturi (API) in 657.1224ms
info: Microsoft.AspNetCore.Routing.EndpointMiddleware[1]
      Executed endpoint 'API.Controllers.AnuntController.GetAnunturi (API)'
info: Microsoft.AspNetCore.Hosting.Diagnostics[2]
      Request finished HTTP/2 GET https://test.borgdesign.ro/api/anunt - - - 0 - application/json;+charset=utf-8 960.9982ms
info: Microsoft.EntityFrameworkCore.Database.Command[20101]
      Executed DbCommand (74ms) [Parameters=[@__email_0='?'], CommandType='Text', CommandTimeout='30']
      SELECT a."Id", a."AccessFailedCount", a."ConcurrencyStamp", a."DisplayName", a."Email", a."EmailConfirmed", a."GrupaId", a."LockoutEnabled", a."LockoutEnd", a."NormalizedEmail", a."NormalizedUserName", a."PasswordHash", a."PhoneNumber", a."PhoneNumberConfirmed", a."SecurityStamp", a."TwoFactorEnabled", a."UserName"
      FROM "AspNetUsers" AS a
      WHERE a."Email" = @__email_0
      LIMIT 2
info: Microsoft.EntityFrameworkCore.Database.Command[20101]
      Executed DbCommand (58ms) [Parameters=[@__userId_0='?' (DbType = Int32)], CommandType='Text', CommandTimeout='30']
      SELECT a0."Name"
      FROM "AspNetUserRoles" AS a
      INNER JOIN "AspNetRoles" AS a0 ON a."RoleId" = a0."Id"
      WHERE a."UserId" = @__userId_0
info: Microsoft.AspNetCore.Mvc.Infrastructure.ObjectResultExecutor[1]
      Executing ObjectResult, writing value of type 'API.Dtos.UserDto'.
info: Microsoft.AspNetCore.Mvc.Infrastructure.ControllerActionInvoker[2]
      Executed action API.Controllers.AccountController.GetCurrentUser (API) in 1246.4502ms
info: Mic