info: Microsoft.EntityFrameworkCore.Infrastructure[10403]
      Entity Framework Core 6.0.8 initialized 'AppIdentityContext' using provider 'Microsoft.EntityFrameworkCore.Sqlite:6.0.8' with options: None
info: Microsoft.EntityFrameworkCore.Database.Command[20101]
      Executed DbCommand (21ms) [Parameters=[], CommandType='Text', CommandTimeout='30']
      SELECT COUNT(*) FROM "sqlite_master" WHERE "name" = '__EFMigrationsHistory' AND "type" = 'table';
info: Microsoft.EntityFrameworkCore.Database.Command[20101]
      Executed DbCommand (0ms) [Parameters=[], CommandType='Text', CommandTimeout='30']
      SELECT COUNT(*) FROM "sqlite_master" WHERE "name" = '__EFMigrationsHistory' AND "type" = 'table';
info: Microsoft.EntityFrameworkCore.Database.Command[20101]
      Executed DbCommand (2ms) [Parameters=[], CommandType='Text', CommandTimeout='30']
      SELECT "MigrationId", "ProductVersion"
      FROM "__EFMigrationsHistory"
      ORDER BY "MigrationId";
info: Microsoft.EntityFrameworkCore.Migrations[20405]
      No migrations were applied. The database is already up to date.
info: Microsoft.AspNetCore.DataProtection.KeyManagement.XmlKeyManager[61]
      User profile not available. Using 'HKEY_LOCAL_MACHINE\SOFTWARE\Microsoft\ASP.NET\4.0.30319.0\AutoGenKeys\S-1-5-82-406829449-3651165035-4035326801-1993807947-567027904\DataProtection' as key repository and Windows DPAPI to encrypt keys at rest.
info: Microsoft.Hosting.Lifetime[0]
      Application started. Press Ctrl+C to shut down.
info: Microsoft.Hosting.Lifetime[0]
      Hosting environment: Production
info: Microsoft.Hosting.Lifetime[0]
      Content root path: E:\web\test.borgdesign.ro\
info: Microsoft.AspNetCore.Hosting.Diagnostics[1]
      Request starting HTTP/1.1 GET http://test.borgdesign.ro/ - -
info: Microsoft.AspNetCore.Hosting.Diagnostics[2]
      Request finished HTTP/1.1 GET http://test.borgdesign.ro/ - - - 307 - - 19.6576ms
info: Microsoft.AspNetCore.Hosting.Diagnostics[1]
      Request starting HTTP/2 GET https://test.borgdesign.ro/ - -
info: Microsoft.AspNetCore.Routing.EndpointMiddleware[0]
      Executing endpoint 'API.Controllers.FallbackController.Index (API)'
info: Microsoft.AspNetCore.Mvc.Infrastructure.ControllerActionInvoker[3]
      Route matched with {action = "Index", controller = "Fallback"}. Executing controller action with signature Microsoft.AspNetCore.Mvc.IActionResult Index() on controller API.Controllers.FallbackController (API).
info: Microsoft.AspNetCore.Mvc.Infrastructure.PhysicalFileResultExecutor[1]
      Executing PhysicalFileResult, sending file 'E:\web\test.borgdesign.ro\wwwroot\index.html' with download name '' ...
info: Microsoft.AspNetCore.Mvc.Infrastructure.ControllerActionInvoker[2]
      Executed action API.Controllers.FallbackController.Index (API) in 11.4245ms
info: Microsoft.AspNetCore.Routing.EndpointMiddleware[1]
      Executed endpoint 'API.Controllers.FallbackController.Index (API)'
info: Microsoft.AspNetCore.Hosting.Diagnostics[2]
      Request finished HTTP/2 GET https://test.borgdesign.ro/ - - - 304 - - 87.2234ms
info: Microsoft.AspNetCore.Hosting.Diagnostics[1]
      Request starting HTTP/2 GET https://test.borgdesign.ro/polyfills.87860c810a59379dbd9b.js - -
info: Microsoft.AspNetCore.Hosting.Diagnostics[1]
      Request starting HTTP/2 GET https://test.borgdesign.ro/runtime.4b1540bf51da5ef20c67.js - -
info: Microsoft.AspNetCore.Hosting.Diagnostics[1]
      Request starting HTTP/2 GET https://test.borgdesign.ro/main.de261a55e5df7b271223.js - -
info: Microsoft.AspNetCore.StaticFiles.StaticFileMiddleware[6]
      The file /main.de261a55e5df7b271223.js was not modified
info: Microsoft.AspNetCore.StaticFiles.StaticFileMiddleware[6]
      The file /polyfills.87860c810a59379dbd9b.js was not modified
info: Microsoft.AspNetCore.StaticFiles.StaticFileMiddleware[6]
      The file /runtime.4b1540bf51da5ef20c67.js was not modified
info: Microsoft.AspNetCore.Hosting.Diagnostics[2]
      Request finished HTTP/2 GET https://test.borgdesign.ro/polyfills.87860c810a59379dbd9b.js - - - 304 - application/javascript 4.6110ms
info: Mi